# JRE version: OpenJDK Runtime Environment (21.0.4) (build 21.0.4+-12508038-b607.1)
# Java VM: OpenJDK 64-Bit Server VM (21.0.4+-12508038-b607.1, mixed mode, tiered, compressed oops, compressed class ptrs, g1 gc, windows-amd64)
GC Precious Log:
 CardTable entry size: 512
 Card Set container configuration: InlinePtr #cards 5 size 8 Array Of Cards #cards 12 size 40 Howl #buckets 4 coarsen threshold 1843 Howl Bitmap #cards 512 size 80 coarsen threshold 460 Card regions per heap region 1 cards per card region 2048
 CPUs: 12 total, 12 available
 Memory: 7484M
 Large Page Support: Disabled
 NUMA Support: Disabled
 Compressed Oops: Enabled (32-bit)
 Heap Region Size: 1M
 Heap Min Capacity: 8M
 Heap Initial Capacity: 118M
 Heap Max Capacity: 2G
 Pre-touch: Disabled
 Parallel Workers: 10
 Concurrent Workers: 3
 Concurrent Refinement Workers: 10
 Periodic GC: Disabled
Heap:
 garbage-first heap   total 128000K, used 74290K [0x0000000080000000, 0x0000000100000000)
  region size 1024K, 27 young (27648K), 5 survivors (5120K)
 Metaspace       used 67566K, committed 69248K, reserved 1114112K
  class space    used 9235K, committed 10112K, reserved 1048576K
GC Heap History (20 events):
Event: 3.910 GC heap before
{Heap before GC invocations=6 (full 0):
 garbage-first heap   total 88064K, used 64997K [0x0000000080000000, 0x0000000100000000)
  region size 1024K, 47 young (48128K), 7 survivors (7168K)
 Metaspace       used 35106K, committed 35968K, reserved 1114112K
  class space    used 4698K, committed 5120K, reserved 1048576K
}
Event: 3.916 GC heap after
{Heap after GC invocations=7 (full 0):
 garbage-first heap   total 88064K, used 26970K [0x0000000080000000, 0x0000000100000000)
  region size 1024K, 6 young (6144K), 6 survivors (6144K)
 Metaspace       used 35106K, committed 35968K, reserved 1114112K
  class space    used 4698K, committed 5120K, reserved 1048576K
}
Event: 3.960 GC heap before
{Heap before GC invocations=7 (full 0):
 garbage-first heap   total 88064K, used 30042K [0x0000000080000000, 0x0000000100000000)
  region size 1024K, 10 young (10240K), 6 survivors (6144K)
 Metaspace       used 35447K, committed 36288K, reserved 1114112K
  class space    used 4758K, committed 5184K, reserved 1048576K
}
Event: 3.964 GC heap after
{Heap after GC invocations=8 (full 0):
 garbage-first heap   total 88064K, used 27048K [0x0000000080000000, 0x0000000100000000)
  region size 1024K, 3 young (3072K), 3 survivors (3072K)
 Metaspace       used 35447K, committed 36288K, reserved 1114112K
  class space    used 4758K, committed 5184K, reserved 1048576K
}
Event: 4.622 GC heap before
{Heap before GC invocations=9 (full 0):
 garbage-first heap   total 88064K, used 75176K [0x0000000080000000, 0x0000000100000000)
  region size 1024K, 50 young (51200K), 3 survivors (3072K)
 Metaspace       used 43825K, committed 45056K, reserved 1114112K
  class space    used 5875K, committed 6464K, reserved 1048576K
}
Event: 4.628 GC heap after
{Heap after GC invocations=10 (full 0):
 garbage-first heap   total 106496K, used 30536K [0x0000000080000000, 0x0000000100000000)
  region size 1024K, 7 young (7168K), 7 survivors (7168K)
 Metaspace       used 43825K, committed 45056K, reserved 1114112K
  class space    used 5875K, committed 6464K, reserved 1048576K
}
Event: 4.936 GC heap before
{Heap before GC invocations=10 (full 0):
 garbage-first heap   total 106496K, used 85832K [0x0000000080000000, 0x0000000100000000)
  region size 1024K, 62 young (63488K), 7 survivors (7168K)
 Metaspace       used 46554K, committed 47872K, reserved 1114112K
  class space    used 6230K, committed 6912K, reserved 1048576K
}
Event: 4.943 GC heap after
{Heap after GC invocations=11 (full 0):
 garbage-first heap   total 106496K, used 33863K [0x0000000080000000, 0x0000000100000000)
  region size 1024K, 8 young (8192K), 8 survivors (8192K)
 Metaspace       used 46554K, committed 47872K, reserved 1114112K
  class space    used 6230K, committed 6912K, reserved 1048576K
}
Event: 5.700 GC heap before
{Heap before GC invocations=11 (full 0):
 garbage-first heap   total 106496K, used 90183K [0x0000000080000000, 0x0000000100000000)
  region size 1024K, 62 young (63488K), 8 survivors (8192K)
 Metaspace       used 54164K, committed 55680K, reserved 1114112K
  class space    used 7304K, committed 8064K, reserved 1048576K
}
Event: 5.706 GC heap after
{Heap after GC invocations=12 (full 0):
 garbage-first heap   total 106496K, used 36852K [0x0000000080000000, 0x0000000100000000)
  region size 1024K, 7 young (7168K), 7 survivors (7168K)
 Metaspace       used 54164K, committed 55680K, reserved 1114112K
  class space    used 7304K, committed 8064K, reserved 1048576K
}
Event: 6.146 GC heap before
{Heap before GC invocations=12 (full 0):
 garbage-first heap   total 106496K, used 70644K [0x0000000080000000, 0x0000000100000000)
  region size 1024K, 41 young (41984K), 7 survivors (7168K)
 Metaspace       used 59122K, committed 60608K, reserved 1114112K
  class space    used 8005K, committed 8768K, reserved 1048576K
}
Event: 6.152 GC heap after
{Heap after GC invocations=13 (full 0):
 garbage-first heap   total 106496K, used 37931K [0x0000000080000000, 0x0000000100000000)
  region size 1024K, 5 young (5120K), 5 survivors (5120K)
 Metaspace       used 59122K, committed 60608K, reserved 1114112K
  class space    used 8005K, committed 8768K, reserved 1048576K
}
Event: 7.204 GC heap before
{Heap before GC invocations=14 (full 0):
 garbage-first heap   total 106496K, used 93227K [0x0000000080000000, 0x0000000100000000)
  region size 1024K, 60 young (61440K), 5 survivors (5120K)
 Metaspace       used 65265K, committed 66944K, reserved 1114112K
  class space    used 8942K, committed 9792K, reserved 1048576K
}
Event: 7.210 GC heap after
{Heap after GC invocations=15 (full 0):
 garbage-first heap   total 106496K, used 42882K [0x0000000080000000, 0x0000000100000000)
  region size 1024K, 7 young (7168K), 7 survivors (7168K)
 Metaspace       used 65265K, committed 66944K, reserved 1114112K
  class space    used 8942K, committed 9792K, reserved 1048576K
}
Event: 7.545 GC heap before
{Heap before GC invocations=15 (full 0):
 garbage-first heap   total 106496K, used 91010K [0x0000000080000000, 0x0000000100000000)
  region size 1024K, 55 young (56320K), 7 survivors (7168K)
 Metaspace       used 66245K, committed 67904K, reserved 1114112K
  class space    used 9061K, committed 9920K, reserved 1048576K
}
Event: 7.551 GC heap after
{Heap after GC invocations=16 (full 0):
 garbage-first heap   total 106496K, used 45695K [0x0000000080000000, 0x0000000100000000)
  region size 1024K, 4 young (4096K), 4 survivors (4096K)
 Metaspace       used 66245K, committed 67904K, reserved 1114112K
  class space    used 9061K, committed 9920K, reserved 1048576K
}
Event: 7.682 GC heap before
{Heap before GC invocations=16 (full 0):
 garbage-first heap   total 106496K, used 93823K [0x0000000080000000, 0x0000000100000000)
  region size 1024K, 52 young (53248K), 4 survivors (4096K)
 Metaspace       used 66484K, committed 68160K, reserved 1114112K
  class space    used 9062K, committed 9920K, reserved 1048576K
}
Event: 7.685 GC heap after
{Heap after GC invocations=17 (full 0):
 garbage-first heap   total 106496K, used 46507K [0x0000000080000000, 0x0000000100000000)
  region size 1024K, 5 young (5120K), 5 survivors (5120K)
 Metaspace       used 66484K, committed 68160K, reserved 1114112K
  class space    used 9062K, committed 9920K, reserved 1048576K
}
Event: 7.790 GC heap before
{Heap before GC invocations=17 (full 0):
 garbage-first heap   total 106496K, used 93611K [0x0000000080000000, 0x0000000100000000)
  region size 1024K, 52 young (53248K), 5 survivors (5120K)
 Metaspace       used 66562K, committed 68224K, reserved 1114112K
  class space    used 9062K, committed 9920K, reserved 1048576K
}
Event: 7.794 GC heap after
{Heap after GC invocations=18 (full 0):
 garbage-first heap   total 128000K, used 47666K [0x0000000080000000, 0x0000000100000000)
  region size 1024K, 5 young (5120K), 5 survivors (5120K)
 Metaspace       used 66562K, committed 68224K, reserved 1114112K
  class space    used 9062K, committed 9920K, reserved 1048576K
}

