# JRE version: OpenJDK Runtime Environment (21.0.4) (build 21.0.4+-12508038-b607.1)
# Java VM: OpenJDK 64-Bit Server VM (21.0.4+-12508038-b607.1, mixed mode, tiered, compressed oops, compressed class ptrs, g1 gc, windows-amd64)
GC Precious Log:
 CardTable entry size: 512
 Card Set container configuration: InlinePtr #cards 5 size 8 Array Of Cards #cards 12 size 40 Howl #buckets 4 coarsen threshold 1843 Howl Bitmap #cards 512 size 80 coarsen threshold 460 Card regions per heap region 1 cards per card region 2048
 CPUs: 12 total, 12 available
 Memory: 7484M
 Large Page Support: Disabled
 NUMA Support: Disabled
 Compressed Oops: Enabled (32-bit)
 Heap Region Size: 1M
 Heap Min Capacity: 8M
 Heap Initial Capacity: 118M
 Heap Max Capacity: 2G
 Pre-touch: Disabled
 Parallel Workers: 10
 Concurrent Workers: 3
 Concurrent Refinement Workers: 10
 Periodic GC: Disabled
Heap:
 garbage-first heap   total 129024K, used 74137K [0x0000000080000000, 0x0000000100000000)
  region size 1024K, 2 young (2048K), 2 survivors (2048K)
 Metaspace       used 84664K, committed 86592K, reserved 1179648K
  class space    used 11420K, committed 12416K, reserved 1048576K
GC Heap History (20 events):
Event: 5.532 GC heap after
{Heap after GC invocations=13 (full 0):
 garbage-first heap   total 100352K, used 38002K [0x0000000080000000, 0x0000000100000000)
  region size 1024K, 6 young (6144K), 6 survivors (6144K)
 Metaspace       used 59128K, committed 60608K, reserved 1114112K
  class space    used 8004K, committed 8768K, reserved 1048576K
}
Event: 6.372 GC heap before
{Heap before GC invocations=14 (full 0):
 garbage-first heap   total 100352K, used 87154K [0x0000000080000000, 0x0000000100000000)
  region size 1024K, 54 young (55296K), 6 survivors (6144K)
 Metaspace       used 64984K, committed 66688K, reserved 1114112K
  class space    used 8909K, committed 9728K, reserved 1048576K
}
Event: 6.379 GC heap after
{Heap after GC invocations=15 (full 0):
 garbage-first heap   total 100352K, used 42482K [0x0000000080000000, 0x0000000100000000)
  region size 1024K, 7 young (7168K), 7 survivors (7168K)
 Metaspace       used 64984K, committed 66688K, reserved 1114112K
  class space    used 8909K, committed 9728K, reserved 1048576K
}
Event: 6.738 GC heap before
{Heap before GC invocations=15 (full 0):
 garbage-first heap   total 100352K, used 84466K [0x0000000080000000, 0x0000000100000000)
  region size 1024K, 49 young (50176K), 7 survivors (7168K)
 Metaspace       used 65981K, committed 67648K, reserved 1114112K
  class space    used 9015K, committed 9856K, reserved 1048576K
}
Event: 6.744 GC heap after
{Heap after GC invocations=16 (full 0):
 garbage-first heap   total 100352K, used 45349K [0x0000000080000000, 0x0000000100000000)
  region size 1024K, 5 young (5120K), 5 survivors (5120K)
 Metaspace       used 65981K, committed 67648K, reserved 1114112K
  class space    used 9015K, committed 9856K, reserved 1048576K
}
Event: 6.874 GC heap before
{Heap before GC invocations=16 (full 0):
 garbage-first heap   total 100352K, used 87333K [0x0000000080000000, 0x0000000100000000)
  region size 1024K, 47 young (48128K), 5 survivors (5120K)
 Metaspace       used 66348K, committed 67968K, reserved 1114112K
  class space    used 9043K, committed 9856K, reserved 1048576K
}
Event: 6.877 GC heap after
{Heap after GC invocations=17 (full 0):
 garbage-first heap   total 120832K, used 46900K [0x0000000080000000, 0x0000000100000000)
  region size 1024K, 4 young (4096K), 4 survivors (4096K)
 Metaspace       used 66348K, committed 67968K, reserved 1114112K
  class space    used 9043K, committed 9856K, reserved 1048576K
}
Event: 7.003 GC heap before
{Heap before GC invocations=17 (full 0):
 garbage-first heap   total 120832K, used 106292K [0x0000000080000000, 0x0000000100000000)
  region size 1024K, 63 young (64512K), 4 survivors (4096K)
 Metaspace       used 66527K, committed 68160K, reserved 1114112K
  class space    used 9043K, committed 9856K, reserved 1048576K
}
Event: 7.005 GC heap after
{Heap after GC invocations=18 (full 0):
 garbage-first heap   total 120832K, used 47910K [0x0000000080000000, 0x0000000100000000)
  region size 1024K, 5 young (5120K), 5 survivors (5120K)
 Metaspace       used 66527K, committed 68160K, reserved 1114112K
  class space    used 9043K, committed 9856K, reserved 1048576K
}
Event: 7.723 GC heap before
{Heap before GC invocations=19 (full 0):
 garbage-first heap   total 120832K, used 113446K [0x0000000080000000, 0x0000000100000000)
  region size 1024K, 63 young (64512K), 5 survivors (5120K)
 Metaspace       used 70091K, committed 71808K, reserved 1114112K
  class space    used 9527K, committed 10368K, reserved 1048576K
}
Event: 7.729 GC heap after
{Heap after GC invocations=20 (full 0):
 garbage-first heap   total 126976K, used 60982K [0x0000000080000000, 0x0000000100000000)
  region size 1024K, 8 young (8192K), 8 survivors (8192K)
 Metaspace       used 70091K, committed 71808K, reserved 1114112K
  class space    used 9527K, committed 10368K, reserved 1048576K
}
Event: 8.320 GC heap before
{Heap before GC invocations=20 (full 0):
 garbage-first heap   total 126976K, used 111158K [0x0000000080000000, 0x0000000100000000)
  region size 1024K, 57 young (58368K), 8 survivors (8192K)
 Metaspace       used 75415K, committed 77248K, reserved 1179648K
  class space    used 10225K, committed 11136K, reserved 1048576K
}
Event: 8.324 GC heap after
{Heap after GC invocations=21 (full 0):
 garbage-first heap   total 126976K, used 62463K [0x0000000080000000, 0x0000000100000000)
  region size 1024K, 2 young (2048K), 2 survivors (2048K)
 Metaspace       used 75415K, committed 77248K, reserved 1179648K
  class space    used 10225K, committed 11136K, reserved 1048576K
}
Event: 8.453 GC heap before
{Heap before GC invocations=21 (full 0):
 garbage-first heap   total 126976K, used 71679K [0x0000000080000000, 0x0000000100000000)
  region size 1024K, 12 young (12288K), 2 survivors (2048K)
 Metaspace       used 77032K, committed 78912K, reserved 1179648K
  class space    used 10410K, committed 11328K, reserved 1048576K
}
Event: 8.456 GC heap after
{Heap after GC invocations=22 (full 0):
 garbage-first heap   total 126976K, used 64021K [0x0000000080000000, 0x0000000100000000)
  region size 1024K, 4 young (4096K), 4 survivors (4096K)
 Metaspace       used 77032K, committed 78912K, reserved 1179648K
  class space    used 10410K, committed 11328K, reserved 1048576K
}
Event: 8.936 GC heap before
{Heap before GC invocations=23 (full 0):
 garbage-first heap   total 126976K, used 119317K [0x0000000080000000, 0x0000000100000000)
  region size 1024K, 54 young (55296K), 4 survivors (4096K)
 Metaspace       used 80030K, committed 81920K, reserved 1179648K
  class space    used 10813K, committed 11776K, reserved 1048576K
}
Event: 8.941 GC heap after
{Heap after GC invocations=24 (full 0):
 garbage-first heap   total 129024K, used 68837K [0x0000000080000000, 0x0000000100000000)
  region size 1024K, 7 young (7168K), 7 survivors (7168K)
 Metaspace       used 80030K, committed 81920K, reserved 1179648K
  class space    used 10813K, committed 11776K, reserved 1048576K
}
Event: 9.356 GC heap before
{Heap before GC invocations=24 (full 0):
 garbage-first heap   total 129024K, used 113893K [0x0000000080000000, 0x0000000100000000)
  region size 1024K, 51 young (52224K), 7 survivors (7168K)
 Metaspace       used 82549K, committed 84480K, reserved 1179648K
  class space    used 11126K, committed 12096K, reserved 1048576K
}
Event: 9.362 GC heap after
{Heap after GC invocations=25 (full 0):
 garbage-first heap   total 129024K, used 73072K [0x0000000080000000, 0x0000000100000000)
  region size 1024K, 5 young (5120K), 5 survivors (5120K)
 Metaspace       used 82549K, committed 84480K, reserved 1179648K
  class space    used 11126K, committed 12096K, reserved 1048576K
}
Event: 9.614 GC heap before
{Heap before GC invocations=25 (full 0):
 garbage-first heap   total 129024K, used 99696K [0x0000000080000000, 0x0000000100000000)
  region size 1024K, 32 young (32768K), 5 survivors (5120K)
 Metaspace       used 84664K, committed 86592K, reserved 1179648K
  class space    used 11420K, committed 12416K, reserved 1048576K
}

