# JRE version: OpenJDK Runtime Environment (21.0.4) (build 21.0.4+-12508038-b607.1)
# Java VM: OpenJDK 64-Bit Server VM (21.0.4+-12508038-b607.1, mixed mode, tiered, compressed oops, compressed class ptrs, g1 gc, windows-amd64)
GC Precious Log:
 CardTable entry size: 512
 Card Set container configuration: InlinePtr #cards 5 size 8 Array Of Cards #cards 12 size 40 Howl #buckets 4 coarsen threshold 1843 Howl Bitmap #cards 512 size 80 coarsen threshold 460 Card regions per heap region 1 cards per card region 2048
 CPUs: 12 total, 12 available
 Memory: 7484M
 Large Page Support: Disabled
 NUMA Support: Disabled
 Compressed Oops: Enabled (32-bit)
 Heap Region Size: 1M
 Heap Min Capacity: 8M
 Heap Initial Capacity: 118M
 Heap Max Capacity: 2G
 Pre-touch: Disabled
 Parallel Workers: 10
 Concurrent Workers: 3
 Concurrent Refinement Workers: 10
 Periodic GC: Disabled
Heap:
 garbage-first heap   total 130048K, used 95223K [0x0000000080000000, 0x0000000100000000)
  region size 1024K, 34 young (34816K), 7 survivors (7168K)
 Metaspace       used 81108K, committed 83008K, reserved 1179648K
  class space    used 10954K, committed 11904K, reserved 1048576K
GC Heap History (20 events):
Event: 5.225 GC heap before
{Heap before GC invocations=11 (full 0):
 garbage-first heap   total 100352K, used 86757K [0x0000000080000000, 0x0000000100000000)
  region size 1024K, 58 young (59392K), 7 survivors (7168K)
 Metaspace       used 52730K, committed 54208K, reserved 1114112K
  class space    used 7131K, committed 7872K, reserved 1048576K
}
Event: 5.230 GC heap after
{Heap after GC invocations=12 (full 0):
 garbage-first heap   total 100352K, used 37743K [0x0000000080000000, 0x0000000100000000)
  region size 1024K, 7 young (7168K), 7 survivors (7168K)
 Metaspace       used 52730K, committed 54208K, reserved 1114112K
  class space    used 7131K, committed 7872K, reserved 1048576K
}
Event: 5.827 GC heap before
{Heap before GC invocations=12 (full 0):
 garbage-first heap   total 100352K, used 81775K [0x0000000080000000, 0x0000000100000000)
  region size 1024K, 51 young (52224K), 7 survivors (7168K)
 Metaspace       used 59144K, committed 60608K, reserved 1114112K
  class space    used 8018K, committed 8768K, reserved 1048576K
}
Event: 5.831 GC heap after
{Heap after GC invocations=13 (full 0):
 garbage-first heap   total 100352K, used 38291K [0x0000000080000000, 0x0000000100000000)
  region size 1024K, 6 young (6144K), 6 survivors (6144K)
 Metaspace       used 59144K, committed 60608K, reserved 1114112K
  class space    used 8018K, committed 8768K, reserved 1048576K
}
Event: 6.685 GC heap before
{Heap before GC invocations=14 (full 0):
 garbage-first heap   total 100352K, used 86419K [0x0000000080000000, 0x0000000100000000)
  region size 1024K, 53 young (54272K), 6 survivors (6144K)
 Metaspace       used 64984K, committed 66624K, reserved 1114112K
  class space    used 8927K, committed 9728K, reserved 1048576K
}
Event: 6.692 GC heap after
{Heap after GC invocations=15 (full 0):
 garbage-first heap   total 100352K, used 42504K [0x0000000080000000, 0x0000000100000000)
  region size 1024K, 7 young (7168K), 7 survivors (7168K)
 Metaspace       used 64984K, committed 66624K, reserved 1114112K
  class space    used 8927K, committed 9728K, reserved 1048576K
}
Event: 7.164 GC heap before
{Heap before GC invocations=15 (full 0):
 garbage-first heap   total 100352K, used 84488K [0x0000000080000000, 0x0000000100000000)
  region size 1024K, 49 young (50176K), 7 survivors (7168K)
 Metaspace       used 66034K, committed 67648K, reserved 1114112K
  class space    used 9042K, committed 9856K, reserved 1048576K
}
Event: 7.169 GC heap after
{Heap after GC invocations=16 (full 0):
 garbage-first heap   total 100352K, used 45226K [0x0000000080000000, 0x0000000100000000)
  region size 1024K, 5 young (5120K), 5 survivors (5120K)
 Metaspace       used 66034K, committed 67648K, reserved 1114112K
  class space    used 9042K, committed 9856K, reserved 1048576K
}
Event: 7.313 GC heap before
{Heap before GC invocations=16 (full 0):
 garbage-first heap   total 100352K, used 87210K [0x0000000080000000, 0x0000000100000000)
  region size 1024K, 47 young (48128K), 5 survivors (5120K)
 Metaspace       used 66379K, committed 68096K, reserved 1114112K
  class space    used 9069K, committed 9920K, reserved 1048576K
}
Event: 7.316 GC heap after
{Heap after GC invocations=17 (full 0):
 garbage-first heap   total 100352K, used 46256K [0x0000000080000000, 0x0000000100000000)
  region size 1024K, 4 young (4096K), 4 survivors (4096K)
 Metaspace       used 66379K, committed 68096K, reserved 1114112K
  class space    used 9069K, committed 9920K, reserved 1048576K
}
Event: 7.408 GC heap before
{Heap before GC invocations=17 (full 0):
 garbage-first heap   total 100352K, used 88240K [0x0000000080000000, 0x0000000100000000)
  region size 1024K, 46 young (47104K), 4 survivors (4096K)
 Metaspace       used 66547K, committed 68224K, reserved 1114112K
  class space    used 9069K, committed 9920K, reserved 1048576K
}
Event: 7.410 GC heap after
{Heap after GC invocations=18 (full 0):
 garbage-first heap   total 100352K, used 47169K [0x0000000080000000, 0x0000000100000000)
  region size 1024K, 5 young (5120K), 5 survivors (5120K)
 Metaspace       used 66547K, committed 68224K, reserved 1114112K
  class space    used 9069K, committed 9920K, reserved 1048576K
}
Event: 7.747 GC heap before
{Heap before GC invocations=19 (full 0):
 garbage-first heap   total 100352K, used 91201K [0x0000000080000000, 0x0000000100000000)
  region size 1024K, 45 young (46080K), 5 survivors (5120K)
 Metaspace       used 67135K, committed 68864K, reserved 1114112K
  class space    used 9177K, committed 10048K, reserved 1048576K
}
Event: 7.751 GC heap after
{Heap after GC invocations=20 (full 0):
 garbage-first heap   total 103424K, used 56347K [0x0000000080000000, 0x0000000100000000)
  region size 1024K, 6 young (6144K), 6 survivors (6144K)
 Metaspace       used 67135K, committed 68864K, reserved 1114112K
  class space    used 9177K, committed 10048K, reserved 1048576K
}
Event: 8.227 GC heap before
{Heap before GC invocations=20 (full 0):
 garbage-first heap   total 103424K, used 92187K [0x0000000080000000, 0x0000000100000000)
  region size 1024K, 39 young (39936K), 6 survivors (6144K)
 Metaspace       used 69726K, committed 71424K, reserved 1114112K
  class space    used 9505K, committed 10368K, reserved 1048576K
}
Event: 8.232 GC heap after
{Heap after GC invocations=21 (full 0):
 garbage-first heap   total 126976K, used 60910K [0x0000000080000000, 0x0000000100000000)
  region size 1024K, 4 young (4096K), 4 survivors (4096K)
 Metaspace       used 69726K, committed 71424K, reserved 1114112K
  class space    used 9505K, committed 10368K, reserved 1048576K
}
Event: 8.837 GC heap before
{Heap before GC invocations=21 (full 0):
 garbage-first heap   total 126976K, used 110062K [0x0000000080000000, 0x0000000100000000)
  region size 1024K, 53 young (54272K), 4 survivors (4096K)
 Metaspace       used 74980K, committed 76800K, reserved 1179648K
  class space    used 10168K, committed 11072K, reserved 1048576K
}
Event: 8.840 GC heap after
{Heap after GC invocations=22 (full 0):
 garbage-first heap   total 126976K, used 62185K [0x0000000080000000, 0x0000000100000000)
  region size 1024K, 5 young (5120K), 5 survivors (5120K)
 Metaspace       used 74980K, committed 76800K, reserved 1179648K
  class space    used 10168K, committed 11072K, reserved 1048576K
}
Event: 10.543 GC heap before
{Heap before GC invocations=23 (full 0):
 garbage-first heap   total 126976K, used 118505K [0x0000000080000000, 0x0000000100000000)
  region size 1024K, 55 young (56320K), 5 survivors (5120K)
 Metaspace       used 79055K, committed 80896K, reserved 1179648K
  class space    used 10701K, committed 11648K, reserved 1048576K
}
Event: 10.549 GC heap after
{Heap after GC invocations=24 (full 0):
 garbage-first heap   total 130048K, used 68599K [0x0000000080000000, 0x0000000100000000)
  region size 1024K, 7 young (7168K), 7 survivors (7168K)
 Metaspace       used 79055K, committed 80896K, reserved 1179648K
  class space    used 10701K, committed 11648K, reserved 1048576K
}

