# JRE version: OpenJDK Runtime Environment (21.0.4) (build 21.0.4+-12508038-b607.1)
# Java VM: OpenJDK 64-Bit Server VM (21.0.4+-12508038-b607.1, mixed mode, tiered, compressed oops, compressed class ptrs, g1 gc, windows-amd64)
GC Precious Log:
 CardTable entry size: 512
 Card Set container configuration: InlinePtr #cards 5 size 8 Array Of Cards #cards 12 size 40 Howl #buckets 4 coarsen threshold 1843 Howl Bitmap #cards 512 size 80 coarsen threshold 460 Card regions per heap region 1 cards per card region 2048
 CPUs: 12 total, 12 available
 Memory: 7484M
 Large Page Support: Disabled
 NUMA Support: Disabled
 Compressed Oops: Enabled (32-bit)
 Heap Region Size: 1M
 Heap Min Capacity: 8M
 Heap Initial Capacity: 118M
 Heap Max Capacity: 2G
 Pre-touch: Disabled
 Parallel Workers: 10
 Concurrent Workers: 3
 Concurrent Refinement Workers: 10
 Periodic GC: Disabled
Heap:
 garbage-first heap   total 145408K, used 110612K [0x0000000080000000, 0x0000000100000000)
  region size 1024K, 43 young (44032K), 5 survivors (5120K)
 Metaspace       used 84400K, committed 86336K, reserved 1179648K
  class space    used 11403K, committed 12416K, reserved 1048576K
GC Heap History (20 events):
Event: 5.457 GC heap before
{Heap before GC invocations=12 (full 0):
 garbage-first heap   total 93184K, used 76788K [0x0000000080000000, 0x0000000100000000)
  region size 1024K, 46 young (47104K), 5 survivors (5120K)
 Metaspace       used 59117K, committed 60608K, reserved 1114112K
  class space    used 8007K, committed 8768K, reserved 1048576K
}
Event: 5.462 GC heap after
{Heap after GC invocations=13 (full 0):
 garbage-first heap   total 93184K, used 37969K [0x0000000080000000, 0x0000000100000000)
  region size 1024K, 6 young (6144K), 6 survivors (6144K)
 Metaspace       used 59117K, committed 60608K, reserved 1114112K
  class space    used 8007K, committed 8768K, reserved 1048576K
}
Event: 6.047 GC heap before
{Heap before GC invocations=14 (full 0):
 garbage-first heap   total 93184K, used 79953K [0x0000000080000000, 0x0000000100000000)
  region size 1024K, 47 young (48128K), 6 survivors (6144K)
 Metaspace       used 64536K, committed 66240K, reserved 1114112K
  class space    used 8876K, committed 9728K, reserved 1048576K
}
Event: 6.053 GC heap after
{Heap after GC invocations=15 (full 0):
 garbage-first heap   total 93184K, used 40558K [0x0000000080000000, 0x0000000100000000)
  region size 1024K, 5 young (5120K), 5 survivors (5120K)
 Metaspace       used 64536K, committed 66240K, reserved 1114112K
  class space    used 8876K, committed 9728K, reserved 1048576K
}
Event: 8.594 GC heap before
{Heap before GC invocations=15 (full 0):
 garbage-first heap   total 93184K, used 79470K [0x0000000080000000, 0x0000000100000000)
  region size 1024K, 44 young (45056K), 5 survivors (5120K)
 Metaspace       used 65899K, committed 67584K, reserved 1114112K
  class space    used 9033K, committed 9856K, reserved 1048576K
}
Event: 8.600 GC heap after
{Heap after GC invocations=16 (full 0):
 garbage-first heap   total 112640K, used 44481K [0x0000000080000000, 0x0000000100000000)
  region size 1024K, 6 young (6144K), 6 survivors (6144K)
 Metaspace       used 65899K, committed 67584K, reserved 1114112K
  class space    used 9033K, committed 9856K, reserved 1048576K
}
Event: 8.809 GC heap before
{Heap before GC invocations=16 (full 0):
 garbage-first heap   total 112640K, used 97729K [0x0000000080000000, 0x0000000100000000)
  region size 1024K, 59 young (60416K), 6 survivors (6144K)
 Metaspace       used 66360K, committed 68032K, reserved 1114112K
  class space    used 9060K, committed 9920K, reserved 1048576K
}
Event: 8.814 GC heap after
{Heap after GC invocations=17 (full 0):
 garbage-first heap   total 112640K, used 47253K [0x0000000080000000, 0x0000000100000000)
  region size 1024K, 7 young (7168K), 7 survivors (7168K)
 Metaspace       used 66360K, committed 68032K, reserved 1114112K
  class space    used 9060K, committed 9920K, reserved 1048576K
}
Event: 8.941 GC heap before
{Heap before GC invocations=17 (full 0):
 garbage-first heap   total 112640K, used 97429K [0x0000000080000000, 0x0000000100000000)
  region size 1024K, 57 young (58368K), 7 survivors (7168K)
 Metaspace       used 66531K, committed 68288K, reserved 1114112K
  class space    used 9060K, committed 9920K, reserved 1048576K
}
Event: 8.945 GC heap after
{Heap after GC invocations=18 (full 0):
 garbage-first heap   total 112640K, used 48521K [0x0000000080000000, 0x0000000100000000)
  region size 1024K, 5 young (5120K), 5 survivors (5120K)
 Metaspace       used 66531K, committed 68288K, reserved 1114112K
  class space    used 9060K, committed 9920K, reserved 1048576K
}
Event: 9.488 GC heap before
{Heap before GC invocations=19 (full 0):
 garbage-first heap   total 112640K, used 106889K [0x0000000080000000, 0x0000000100000000)
  region size 1024K, 56 young (57344K), 5 survivors (5120K)
 Metaspace       used 68641K, committed 70400K, reserved 1114112K
  class space    used 9358K, committed 10240K, reserved 1048576K
}
Event: 9.501 GC heap after
{Heap after GC invocations=20 (full 0):
 garbage-first heap   total 120832K, used 61591K [0x0000000080000000, 0x0000000100000000)
  region size 1024K, 7 young (7168K), 7 survivors (7168K)
 Metaspace       used 68641K, committed 70400K, reserved 1114112K
  class space    used 9358K, committed 10240K, reserved 1048576K
}
Event: 10.030 GC heap before
{Heap before GC invocations=20 (full 0):
 garbage-first heap   total 120832K, used 103575K [0x0000000080000000, 0x0000000100000000)
  region size 1024K, 49 young (50176K), 7 survivors (7168K)
 Metaspace       used 73048K, committed 74752K, reserved 1114112K
  class space    used 9849K, committed 10688K, reserved 1048576K
}
Event: 10.035 GC heap after
{Heap after GC invocations=21 (full 0):
 garbage-first heap   total 120832K, used 62070K [0x0000000080000000, 0x0000000100000000)
  region size 1024K, 2 young (2048K), 2 survivors (2048K)
 Metaspace       used 73048K, committed 74752K, reserved 1114112K
  class space    used 9849K, committed 10688K, reserved 1048576K
}
Event: 10.460 GC heap before
{Heap before GC invocations=21 (full 0):
 garbage-first heap   total 120832K, used 92790K [0x0000000080000000, 0x0000000100000000)
  region size 1024K, 34 young (34816K), 2 survivors (2048K)
 Metaspace       used 77008K, committed 78848K, reserved 1179648K
  class space    used 10417K, committed 11328K, reserved 1048576K
}
Event: 10.464 GC heap after
{Heap after GC invocations=22 (full 0):
 garbage-first heap   total 120832K, used 64444K [0x0000000080000000, 0x0000000100000000)
  region size 1024K, 4 young (4096K), 4 survivors (4096K)
 Metaspace       used 77008K, committed 78848K, reserved 1179648K
  class space    used 10417K, committed 11328K, reserved 1048576K
}
Event: 10.842 GC heap before
{Heap before GC invocations=23 (full 0):
 garbage-first heap   total 120832K, used 112572K [0x0000000080000000, 0x0000000100000000)
  region size 1024K, 46 young (47104K), 4 survivors (4096K)
 Metaspace       used 79435K, committed 81344K, reserved 1179648K
  class space    used 10747K, committed 11712K, reserved 1048576K
}
Event: 10.847 GC heap after
{Heap after GC invocations=24 (full 0):
 garbage-first heap   total 120832K, used 69149K [0x0000000080000000, 0x0000000100000000)
  region size 1024K, 6 young (6144K), 6 survivors (6144K)
 Metaspace       used 79435K, committed 81344K, reserved 1179648K
  class space    used 10747K, committed 11712K, reserved 1048576K
}
Event: 11.225 GC heap before
{Heap before GC invocations=24 (full 0):
 garbage-first heap   total 120832K, used 107037K [0x0000000080000000, 0x0000000100000000)
  region size 1024K, 43 young (44032K), 6 survivors (6144K)
 Metaspace       used 81971K, committed 83904K, reserved 1179648K
  class space    used 11067K, committed 12032K, reserved 1048576K
}
Event: 11.232 GC heap after
{Heap after GC invocations=25 (full 0):
 garbage-first heap   total 145408K, used 72724K [0x0000000080000000, 0x0000000100000000)
  region size 1024K, 5 young (5120K), 5 survivors (5120K)
 Metaspace       used 81971K, committed 83904K, reserved 1179648K
  class space    used 11067K, committed 12032K, reserved 1048576K
}

