# JRE version: OpenJDK Runtime Environment (21.0.4) (build 21.0.4+-12508038-b607.1)
# Java VM: OpenJDK 64-Bit Server VM (21.0.4+-12508038-b607.1, mixed mode, tiered, compressed oops, compressed class ptrs, g1 gc, windows-amd64)
GC Precious Log:
 CardTable entry size: 512
 Card Set container configuration: InlinePtr #cards 5 size 8 Array Of Cards #cards 12 size 40 Howl #buckets 4 coarsen threshold 1843 Howl Bitmap #cards 512 size 80 coarsen threshold 460 Card regions per heap region 1 cards per card region 2048
 CPUs: 12 total, 12 available
 Memory: 7484M
 Large Page Support: Disabled
 NUMA Support: Disabled
 Compressed Oops: Enabled (32-bit)
 Heap Region Size: 1M
 Heap Min Capacity: 8M
 Heap Initial Capacity: 118M
 Heap Max Capacity: 2G
 Pre-touch: Disabled
 Parallel Workers: 10
 Concurrent Workers: 3
 Concurrent Refinement Workers: 10
 Periodic GC: Disabled
Heap:
 garbage-first heap   total 96256K, used 80488K [0x0000000080000000, 0x0000000100000000)
  region size 1024K, 46 young (47104K), 6 survivors (6144K)
 Metaspace       used 65973K, committed 67648K, reserved 1114112K
  class space    used 9020K, committed 9856K, reserved 1048576K
GC Heap History (20 events):
Event: 1.470 GC heap before
{Heap before GC invocations=2 (full 0):
 garbage-first heap   total 120832K, used 60236K [0x0000000080000000, 0x0000000100000000)
  region size 1024K, 50 young (51200K), 5 survivors (5120K)
 Metaspace       used 12598K, committed 12800K, reserved 1114112K
  class space    used 1359K, committed 1472K, reserved 1048576K
}
Event: 1.476 GC heap after
{Heap after GC invocations=3 (full 0):
 garbage-first heap   total 120832K, used 18127K [0x0000000080000000, 0x0000000100000000)
  region size 1024K, 5 young (5120K), 5 survivors (5120K)
 Metaspace       used 12598K, committed 12800K, reserved 1114112K
  class space    used 1359K, committed 1472K, reserved 1048576K
}
Event: 2.430 GC heap before
{Heap before GC invocations=3 (full 0):
 garbage-first heap   total 120832K, used 44751K [0x0000000080000000, 0x0000000100000000)
  region size 1024K, 33 young (33792K), 5 survivors (5120K)
 Metaspace       used 21183K, committed 21504K, reserved 1114112K
  class space    used 2439K, committed 2624K, reserved 1048576K
}
Event: 2.434 GC heap after
{Heap after GC invocations=4 (full 0):
 garbage-first heap   total 120832K, used 21697K [0x0000000080000000, 0x0000000100000000)
  region size 1024K, 9 young (9216K), 9 survivors (9216K)
 Metaspace       used 21183K, committed 21504K, reserved 1114112K
  class space    used 2439K, committed 2624K, reserved 1048576K
}
Event: 3.228 GC heap before
{Heap before GC invocations=5 (full 0):
 garbage-first heap   total 75776K, used 74945K [0x0000000080000000, 0x0000000100000000)
  region size 1024K, 61 young (62464K), 9 survivors (9216K)
 Metaspace       used 29699K, committed 30336K, reserved 1114112K
  class space    used 3787K, committed 4096K, reserved 1048576K
}
Event: 3.236 GC heap after
{Heap after GC invocations=6 (full 0):
 garbage-first heap   total 88064K, used 24411K [0x0000000080000000, 0x0000000100000000)
  region size 1024K, 7 young (7168K), 7 survivors (7168K)
 Metaspace       used 29699K, committed 30336K, reserved 1114112K
  class space    used 3787K, committed 4096K, reserved 1048576K
}
Event: 3.794 GC heap before
{Heap before GC invocations=6 (full 0):
 garbage-first heap   total 88064K, used 63323K [0x0000000080000000, 0x0000000100000000)
  region size 1024K, 46 young (47104K), 7 survivors (7168K)
 Metaspace       used 35113K, committed 35968K, reserved 1114112K
  class space    used 4695K, committed 5120K, reserved 1048576K
}
Event: 3.799 GC heap after
{Heap after GC invocations=7 (full 0):
 garbage-first heap   total 106496K, used 26615K [0x0000000080000000, 0x0000000100000000)
  region size 1024K, 6 young (6144K), 6 survivors (6144K)
 Metaspace       used 35113K, committed 35968K, reserved 1114112K
  class space    used 4695K, committed 5120K, reserved 1048576K
}
Event: 3.840 GC heap before
{Heap before GC invocations=7 (full 0):
 garbage-first heap   total 106496K, used 28663K [0x0000000080000000, 0x0000000100000000)
  region size 1024K, 9 young (9216K), 6 survivors (6144K)
 Metaspace       used 35447K, committed 36288K, reserved 1114112K
  class space    used 4753K, committed 5184K, reserved 1048576K
}
Event: 3.844 GC heap after
{Heap after GC invocations=8 (full 0):
 garbage-first heap   total 106496K, used 27170K [0x0000000080000000, 0x0000000100000000)
  region size 1024K, 3 young (3072K), 3 survivors (3072K)
 Metaspace       used 35447K, committed 36288K, reserved 1114112K
  class space    used 4753K, committed 5184K, reserved 1048576K
}
Event: 4.531 GC heap before
{Heap before GC invocations=9 (full 0):
 garbage-first heap   total 92160K, used 86562K [0x0000000080000000, 0x0000000100000000)
  region size 1024K, 62 young (63488K), 3 survivors (3072K)
 Metaspace       used 45476K, committed 46592K, reserved 1114112K
  class space    used 6049K, committed 6592K, reserved 1048576K
}
Event: 4.537 GC heap after
{Heap after GC invocations=10 (full 0):
 garbage-first heap   total 96256K, used 32198K [0x0000000080000000, 0x0000000100000000)
  region size 1024K, 8 young (8192K), 8 survivors (8192K)
 Metaspace       used 45476K, committed 46592K, reserved 1114112K
  class space    used 6049K, committed 6592K, reserved 1048576K
}
Event: 4.734 GC heap before
{Heap before GC invocations=10 (full 0):
 garbage-first heap   total 96256K, used 81350K [0x0000000080000000, 0x0000000100000000)
  region size 1024K, 56 young (57344K), 8 survivors (8192K)
 Metaspace       used 47060K, committed 48448K, reserved 1114112K
  class space    used 6291K, committed 6976K, reserved 1048576K
}
Event: 4.740 GC heap after
{Heap after GC invocations=11 (full 0):
 garbage-first heap   total 96256K, used 33703K [0x0000000080000000, 0x0000000100000000)
  region size 1024K, 3 young (3072K), 3 survivors (3072K)
 Metaspace       used 47060K, committed 48448K, reserved 1114112K
  class space    used 6291K, committed 6976K, reserved 1048576K
}
Event: 5.357 GC heap before
{Heap before GC invocations=11 (full 0):
 garbage-first heap   total 96256K, used 84903K [0x0000000080000000, 0x0000000100000000)
  region size 1024K, 52 young (53248K), 3 survivors (3072K)
 Metaspace       used 54045K, committed 55616K, reserved 1114112K
  class space    used 7281K, committed 8064K, reserved 1048576K
}
Event: 5.361 GC heap after
{Heap after GC invocations=12 (full 0):
 garbage-first heap   total 96256K, used 36294K [0x0000000080000000, 0x0000000100000000)
  region size 1024K, 5 young (5120K), 5 survivors (5120K)
 Metaspace       used 54045K, committed 55616K, reserved 1114112K
  class space    used 7281K, committed 8064K, reserved 1048576K
}
Event: 5.825 GC heap before
{Heap before GC invocations=12 (full 0):
 garbage-first heap   total 96256K, used 71110K [0x0000000080000000, 0x0000000100000000)
  region size 1024K, 40 young (40960K), 5 survivors (5120K)
 Metaspace       used 59111K, committed 60608K, reserved 1114112K
  class space    used 7997K, committed 8768K, reserved 1048576K
}
Event: 5.830 GC heap after
{Heap after GC invocations=13 (full 0):
 garbage-first heap   total 96256K, used 37818K [0x0000000080000000, 0x0000000100000000)
  region size 1024K, 5 young (5120K), 5 survivors (5120K)
 Metaspace       used 59111K, committed 60608K, reserved 1114112K
  class space    used 7997K, committed 8768K, reserved 1048576K
}
Event: 6.561 GC heap before
{Heap before GC invocations=14 (full 0):
 garbage-first heap   total 96256K, used 83898K [0x0000000080000000, 0x0000000100000000)
  region size 1024K, 50 young (51200K), 5 survivors (5120K)
 Metaspace       used 64853K, committed 66496K, reserved 1114112K
  class space    used 8909K, committed 9728K, reserved 1048576K
}
Event: 6.567 GC heap after
{Heap after GC invocations=15 (full 0):
 garbage-first heap   total 96256K, used 41576K [0x0000000080000000, 0x0000000100000000)
  region size 1024K, 6 young (6144K), 6 survivors (6144K)
 Metaspace       used 64853K, committed 66496K, reserved 1114112K
  class space    used 8909K, committed 9728K, reserved 1048576K
}

