# JRE version: OpenJDK Runtime Environment (21.0.4) (build 21.0.4+-12508038-b607.1)
# Java VM: OpenJDK 64-Bit Server VM (21.0.4+-12508038-b607.1, mixed mode, tiered, compressed oops, compressed class ptrs, g1 gc, windows-amd64)
GC Precious Log:
 CardTable entry size: 512
 Card Set container configuration: InlinePtr #cards 5 size 8 Array Of Cards #cards 12 size 40 Howl #buckets 4 coarsen threshold 1843 Howl Bitmap #cards 512 size 80 coarsen threshold 460 Card regions per heap region 1 cards per card region 2048
 CPUs: 12 total, 12 available
 Memory: 7484M
 Large Page Support: Disabled
 NUMA Support: Disabled
 Compressed Oops: Enabled (32-bit)
 Heap Region Size: 1M
 Heap Min Capacity: 8M
 Heap Initial Capacity: 118M
 Heap Max Capacity: 2G
 Pre-touch: Disabled
 Parallel Workers: 10
 Concurrent Workers: 3
 Concurrent Refinement Workers: 10
 Periodic GC: Disabled
Heap:
 garbage-first heap   total 129024K, used 72578K [0x0000000080000000, 0x0000000100000000)
  region size 1024K, 5 young (5120K), 5 survivors (5120K)
 Metaspace       used 81986K, committed 83840K, reserved 1179648K
  class space    used 11061K, committed 12032K, reserved 1048576K
GC Heap History (20 events):
Event: 5.279 GC heap after
{Heap after GC invocations=12 (full 0):
 garbage-first heap   total 97280K, used 36448K [0x0000000080000000, 0x0000000100000000)
  region size 1024K, 5 young (5120K), 5 survivors (5120K)
 Metaspace       used 54381K, committed 55872K, reserved 1114112K
  class space    used 7324K, committed 8064K, reserved 1048576K
}
Event: 5.680 GC heap before
{Heap before GC invocations=12 (full 0):
 garbage-first heap   total 97280K, used 70240K [0x0000000080000000, 0x0000000100000000)
  region size 1024K, 39 young (39936K), 5 survivors (5120K)
 Metaspace       used 59262K, committed 60736K, reserved 1114112K
  class space    used 8026K, committed 8768K, reserved 1048576K
}
Event: 5.685 GC heap after
{Heap after GC invocations=13 (full 0):
 garbage-first heap   total 97280K, used 38056K [0x0000000080000000, 0x0000000100000000)
  region size 1024K, 5 young (5120K), 5 survivors (5120K)
 Metaspace       used 59262K, committed 60736K, reserved 1114112K
  class space    used 8026K, committed 8768K, reserved 1048576K
}
Event: 6.355 GC heap before
{Heap before GC invocations=14 (full 0):
 garbage-first heap   total 97280K, used 85160K [0x0000000080000000, 0x0000000100000000)
  region size 1024K, 51 young (52224K), 5 survivors (5120K)
 Metaspace       used 64911K, committed 66560K, reserved 1114112K
  class space    used 8904K, committed 9728K, reserved 1048576K
}
Event: 6.361 GC heap after
{Heap after GC invocations=15 (full 0):
 garbage-first heap   total 97280K, used 41653K [0x0000000080000000, 0x0000000100000000)
  region size 1024K, 6 young (6144K), 6 survivors (6144K)
 Metaspace       used 64911K, committed 66560K, reserved 1114112K
  class space    used 8904K, committed 9728K, reserved 1048576K
}
Event: 6.739 GC heap before
{Heap before GC invocations=15 (full 0):
 garbage-first heap   total 97280K, used 83637K [0x0000000080000000, 0x0000000100000000)
  region size 1024K, 47 young (48128K), 6 survivors (6144K)
 Metaspace       used 65951K, committed 67648K, reserved 1114112K
  class space    used 9022K, committed 9856K, reserved 1048576K
}
Event: 6.744 GC heap after
{Heap after GC invocations=16 (full 0):
 garbage-first heap   total 97280K, used 45233K [0x0000000080000000, 0x0000000100000000)
  region size 1024K, 5 young (5120K), 5 survivors (5120K)
 Metaspace       used 65951K, committed 67648K, reserved 1114112K
  class space    used 9022K, committed 9856K, reserved 1048576K
}
Event: 6.870 GC heap before
{Heap before GC invocations=16 (full 0):
 garbage-first heap   total 97280K, used 84145K [0x0000000080000000, 0x0000000100000000)
  region size 1024K, 44 young (45056K), 5 survivors (5120K)
 Metaspace       used 66324K, committed 67968K, reserved 1114112K
  class space    used 9049K, committed 9856K, reserved 1048576K
}
Event: 6.873 GC heap after
{Heap after GC invocations=17 (full 0):
 garbage-first heap   total 116736K, used 46366K [0x0000000080000000, 0x0000000100000000)
  region size 1024K, 4 young (4096K), 4 survivors (4096K)
 Metaspace       used 66324K, committed 67968K, reserved 1114112K
  class space    used 9049K, committed 9856K, reserved 1048576K
}
Event: 7.011 GC heap before
{Heap before GC invocations=17 (full 0):
 garbage-first heap   total 116736K, used 101662K [0x0000000080000000, 0x0000000100000000)
  region size 1024K, 59 young (60416K), 4 survivors (4096K)
 Metaspace       used 66530K, committed 68224K, reserved 1114112K
  class space    used 9049K, committed 9856K, reserved 1048576K
}
Event: 7.014 GC heap after
{Heap after GC invocations=18 (full 0):
 garbage-first heap   total 116736K, used 47433K [0x0000000080000000, 0x0000000100000000)
  region size 1024K, 5 young (5120K), 5 survivors (5120K)
 Metaspace       used 66530K, committed 68224K, reserved 1114112K
  class space    used 9049K, committed 9856K, reserved 1048576K
}
Event: 7.637 GC heap before
{Heap before GC invocations=19 (full 0):
 garbage-first heap   total 116736K, used 109897K [0x0000000080000000, 0x0000000100000000)
  region size 1024K, 60 young (61440K), 5 survivors (5120K)
 Metaspace       used 68888K, committed 70656K, reserved 1114112K
  class space    used 9369K, committed 10240K, reserved 1048576K
}
Event: 7.644 GC heap after
{Heap after GC invocations=20 (full 0):
 garbage-first heap   total 122880K, used 60281K [0x0000000080000000, 0x0000000100000000)
  region size 1024K, 8 young (8192K), 8 survivors (8192K)
 Metaspace       used 68888K, committed 70656K, reserved 1114112K
  class space    used 9369K, committed 10240K, reserved 1048576K
}
Event: 8.172 GC heap before
{Heap before GC invocations=20 (full 0):
 garbage-first heap   total 122880K, used 105337K [0x0000000080000000, 0x0000000100000000)
  region size 1024K, 53 young (54272K), 8 survivors (8192K)
 Metaspace       used 73519K, committed 75200K, reserved 1114112K
  class space    used 9905K, committed 10752K, reserved 1048576K
}
Event: 8.178 GC heap after
{Heap after GC invocations=21 (full 0):
 garbage-first heap   total 122880K, used 61513K [0x0000000080000000, 0x0000000100000000)
  region size 1024K, 2 young (2048K), 2 survivors (2048K)
 Metaspace       used 73519K, committed 75200K, reserved 1114112K
  class space    used 9905K, committed 10752K, reserved 1048576K
}
Event: 8.560 GC heap before
{Heap before GC invocations=21 (full 0):
 garbage-first heap   total 122880K, used 88137K [0x0000000080000000, 0x0000000100000000)
  region size 1024K, 29 young (29696K), 2 survivors (2048K)
 Metaspace       used 77035K, committed 78848K, reserved 1179648K
  class space    used 10410K, committed 11328K, reserved 1048576K
}
Event: 8.564 GC heap after
{Heap after GC invocations=22 (full 0):
 garbage-first heap   total 122880K, used 63775K [0x0000000080000000, 0x0000000100000000)
  region size 1024K, 4 young (4096K), 4 survivors (4096K)
 Metaspace       used 77035K, committed 78848K, reserved 1179648K
  class space    used 10410K, committed 11328K, reserved 1048576K
}
Event: 8.984 GC heap before
{Heap before GC invocations=23 (full 0):
 garbage-first heap   total 122880K, used 114975K [0x0000000080000000, 0x0000000100000000)
  region size 1024K, 49 young (50176K), 4 survivors (4096K)
 Metaspace       used 79676K, committed 81536K, reserved 1179648K
  class space    used 10771K, committed 11712K, reserved 1048576K
}
Event: 8.989 GC heap after
{Heap after GC invocations=24 (full 0):
 garbage-first heap   total 122880K, used 68487K [0x0000000080000000, 0x0000000100000000)
  region size 1024K, 7 young (7168K), 7 survivors (7168K)
 Metaspace       used 79676K, committed 81536K, reserved 1179648K
  class space    used 10771K, committed 11712K, reserved 1048576K
}
Event: 9.344 GC heap before
{Heap before GC invocations=24 (full 0):
 garbage-first heap   total 122880K, used 109447K [0x0000000080000000, 0x0000000100000000)
  region size 1024K, 47 young (48128K), 7 survivors (7168K)
 Metaspace       used 81986K, committed 83840K, reserved 1179648K
  class space    used 11061K, committed 12032K, reserved 1048576K
}

