# JRE version: OpenJDK Runtime Environment (21.0.4) (build 21.0.4+-12508038-b607.1)
# Java VM: OpenJDK 64-Bit Server VM (21.0.4+-12508038-b607.1, mixed mode, tiered, compressed oops, compressed class ptrs, g1 gc, windows-amd64)
GC Precious Log:
 CardTable entry size: 512
 Card Set container configuration: InlinePtr #cards 5 size 8 Array Of Cards #cards 12 size 40 Howl #buckets 4 coarsen threshold 1843 Howl Bitmap #cards 512 size 80 coarsen threshold 460 Card regions per heap region 1 cards per card region 2048
 CPUs: 12 total, 12 available
 Memory: 7484M
 Large Page Support: Disabled
 NUMA Support: Disabled
 Compressed Oops: Enabled (32-bit)
 Heap Region Size: 1M
 Heap Min Capacity: 8M
 Heap Initial Capacity: 118M
 Heap Max Capacity: 2G
 Pre-touch: Disabled
 Parallel Workers: 10
 Concurrent Workers: 3
 Concurrent Refinement Workers: 10
 Periodic GC: Disabled
Heap:
 garbage-first heap   total 137216K, used 72450K [0x0000000080000000, 0x0000000100000000)
  region size 1024K, 7 young (7168K), 1 survivors (1024K)
 Metaspace       used 77264K, committed 79104K, reserved 1179648K
  class space    used 10465K, committed 11392K, reserved 1048576K
GC Heap History (20 events):
Event: 4.470 GC heap before
{Heap before GC invocations=9 (full 0):
 garbage-first heap   total 88064K, used 74232K [0x0000000080000000, 0x0000000100000000)
  region size 1024K, 50 young (51200K), 3 survivors (3072K)
 Metaspace       used 43815K, committed 45056K, reserved 1114112K
  class space    used 5864K, committed 6464K, reserved 1048576K
}
Event: 4.475 GC heap after
{Heap after GC invocations=10 (full 0):
 garbage-first heap   total 106496K, used 30690K [0x0000000080000000, 0x0000000100000000)
  region size 1024K, 7 young (7168K), 7 survivors (7168K)
 Metaspace       used 43815K, committed 45056K, reserved 1114112K
  class space    used 5864K, committed 6464K, reserved 1048576K
}
Event: 4.825 GC heap before
{Heap before GC invocations=10 (full 0):
 garbage-first heap   total 106496K, used 85986K [0x0000000080000000, 0x0000000100000000)
  region size 1024K, 62 young (63488K), 7 survivors (7168K)
 Metaspace       used 46508K, committed 47680K, reserved 1114112K
  class space    used 6214K, committed 6784K, reserved 1048576K
}
Event: 4.831 GC heap after
{Heap after GC invocations=11 (full 0):
 garbage-first heap   total 106496K, used 34093K [0x0000000080000000, 0x0000000100000000)
  region size 1024K, 8 young (8192K), 8 survivors (8192K)
 Metaspace       used 46508K, committed 47680K, reserved 1114112K
  class space    used 6214K, committed 6784K, reserved 1048576K
}
Event: 5.584 GC heap before
{Heap before GC invocations=11 (full 0):
 garbage-first heap   total 106496K, used 90413K [0x0000000080000000, 0x0000000100000000)
  region size 1024K, 62 young (63488K), 8 survivors (8192K)
 Metaspace       used 54125K, committed 55680K, reserved 1114112K
  class space    used 7292K, committed 8064K, reserved 1048576K
}
Event: 5.591 GC heap after
{Heap after GC invocations=12 (full 0):
 garbage-first heap   total 106496K, used 36230K [0x0000000080000000, 0x0000000100000000)
  region size 1024K, 6 young (6144K), 6 survivors (6144K)
 Metaspace       used 54125K, committed 55680K, reserved 1114112K
  class space    used 7292K, committed 8064K, reserved 1048576K
}
Event: 6.087 GC heap before
{Heap before GC invocations=12 (full 0):
 garbage-first heap   total 106496K, used 71046K [0x0000000080000000, 0x0000000100000000)
  region size 1024K, 41 young (41984K), 6 survivors (6144K)
 Metaspace       used 59117K, committed 60608K, reserved 1114112K
  class space    used 8000K, committed 8768K, reserved 1048576K
}
Event: 6.092 GC heap after
{Heap after GC invocations=13 (full 0):
 garbage-first heap   total 106496K, used 37995K [0x0000000080000000, 0x0000000100000000)
  region size 1024K, 6 young (6144K), 6 survivors (6144K)
 Metaspace       used 59117K, committed 60608K, reserved 1114112K
  class space    used 8000K, committed 8768K, reserved 1048576K
}
Event: 7.267 GC heap before
{Heap before GC invocations=14 (full 0):
 garbage-first heap   total 106496K, used 92267K [0x0000000080000000, 0x0000000100000000)
  region size 1024K, 60 young (61440K), 6 survivors (6144K)
 Metaspace       used 65206K, committed 66880K, reserved 1114112K
  class space    used 8921K, committed 9728K, reserved 1048576K
}
Event: 7.274 GC heap after
{Heap after GC invocations=15 (full 0):
 garbage-first heap   total 106496K, used 42845K [0x0000000080000000, 0x0000000100000000)
  region size 1024K, 7 young (7168K), 7 survivors (7168K)
 Metaspace       used 65206K, committed 66880K, reserved 1114112K
  class space    used 8921K, committed 9728K, reserved 1048576K
}
Event: 7.611 GC heap before
{Heap before GC invocations=15 (full 0):
 garbage-first heap   total 106496K, used 91997K [0x0000000080000000, 0x0000000100000000)
  region size 1024K, 55 young (56320K), 7 survivors (7168K)
 Metaspace       used 66168K, committed 67776K, reserved 1114112K
  class space    used 9036K, committed 9856K, reserved 1048576K
}
Event: 7.616 GC heap after
{Heap after GC invocations=16 (full 0):
 garbage-first heap   total 106496K, used 46070K [0x0000000080000000, 0x0000000100000000)
  region size 1024K, 4 young (4096K), 4 survivors (4096K)
 Metaspace       used 66168K, committed 67776K, reserved 1114112K
  class space    used 9036K, committed 9856K, reserved 1048576K
}
Event: 7.738 GC heap before
{Heap before GC invocations=16 (full 0):
 garbage-first heap   total 106496K, used 94198K [0x0000000080000000, 0x0000000100000000)
  region size 1024K, 52 young (53248K), 4 survivors (4096K)
 Metaspace       used 66380K, committed 68032K, reserved 1114112K
  class space    used 9036K, committed 9856K, reserved 1048576K
}
Event: 7.740 GC heap after
{Heap after GC invocations=17 (full 0):
 garbage-first heap   total 106496K, used 46972K [0x0000000080000000, 0x0000000100000000)
  region size 1024K, 5 young (5120K), 5 survivors (5120K)
 Metaspace       used 66380K, committed 68032K, reserved 1114112K
  class space    used 9036K, committed 9856K, reserved 1048576K
}
Event: 7.834 GC heap before
{Heap before GC invocations=17 (full 0):
 garbage-first heap   total 106496K, used 94076K [0x0000000080000000, 0x0000000100000000)
  region size 1024K, 52 young (53248K), 5 survivors (5120K)
 Metaspace       used 66475K, committed 68160K, reserved 1114112K
  class space    used 9036K, committed 9856K, reserved 1048576K
}
Event: 7.838 GC heap after
{Heap after GC invocations=18 (full 0):
 garbage-first heap   total 128000K, used 48102K [0x0000000080000000, 0x0000000100000000)
  region size 1024K, 5 young (5120K), 5 survivors (5120K)
 Metaspace       used 66475K, committed 68160K, reserved 1114112K
  class space    used 9036K, committed 9856K, reserved 1048576K
}
Event: 8.757 GC heap before
{Heap before GC invocations=19 (full 0):
 garbage-first heap   total 128000K, used 119782K [0x0000000080000000, 0x0000000100000000)
  region size 1024K, 69 young (70656K), 5 survivors (5120K)
 Metaspace       used 70962K, committed 72704K, reserved 1114112K
  class space    used 9633K, committed 10496K, reserved 1048576K
}
Event: 8.764 GC heap after
{Heap after GC invocations=20 (full 0):
 garbage-first heap   total 133120K, used 61059K [0x0000000080000000, 0x0000000100000000)
  region size 1024K, 9 young (9216K), 9 survivors (9216K)
 Metaspace       used 70962K, committed 72704K, reserved 1114112K
  class space    used 9633K, committed 10496K, reserved 1048576K
}
Event: 9.474 GC heap before
{Heap before GC invocations=20 (full 0):
 garbage-first heap   total 133120K, used 120451K [0x0000000080000000, 0x0000000100000000)
  region size 1024K, 63 young (64512K), 9 survivors (9216K)
 Metaspace       used 76984K, committed 78848K, reserved 1179648K
  class space    used 10397K, committed 11328K, reserved 1048576K
}
Event: 9.508 GC heap after
{Heap after GC invocations=21 (full 0):
 garbage-first heap   total 137216K, used 69871K [0x0000000080000000, 0x0000000100000000)
  region size 1024K, 6 young (6144K), 6 survivors (6144K)
 Metaspace       used 76984K, committed 78848K, reserved 1179648K
  class space    used 10397K, committed 11328K, reserved 1048576K
}

